[2.430s] Invoking command in '/home/alaa/Desktop/pallet-detection-ground-segmentation-ros2/src/pallet_ground_package': PYTHONPATH=/home/alaa/Desktop/pallet-detection-ground-segmentation-ros2/src/build/pallet_ground_package/prefix_override:/home/alaa/Desktop/pallet-detection-ground-segmentation-ros2/src/install/pallet_ground_package/lib/python3.10/site-packages:${PYTHONPATH} VIRTUAL_ENV_PROMPT=(venv) /usr/bin/python3 setup.py egg_info --egg-base ../build/pallet_ground_package build --build-base /home/alaa/Desktop/pallet-detection-ground-segmentation-ros2/src/build/pallet_ground_package/build install --record /home/alaa/Desktop/pallet-detection-ground-segmentation-ros2/src/build/pallet_ground_package/install.log --single-version-externally-managed
[3.150s] running egg_info
[3.151s] writing ../build/pallet_ground_package/pallet_ground_package.egg-info/PKG-INFO
[3.151s] writing dependency_links to ../build/pallet_ground_package/pallet_ground_package.egg-info/dependency_links.txt
[3.151s] writing entry points to ../build/pallet_ground_package/pallet_ground_package.egg-info/entry_points.txt
[3.152s] writing requirements to ../build/pallet_ground_package/pallet_ground_package.egg-info/requires.txt
[3.152s] writing top-level names to ../build/pallet_ground_package/pallet_ground_package.egg-info/top_level.txt
[3.154s] reading manifest file '../build/pallet_ground_package/pallet_ground_package.egg-info/SOURCES.txt'
[3.156s] writing manifest file '../build/pallet_ground_package/pallet_ground_package.egg-info/SOURCES.txt'
[3.156s] running build
[3.156s] running build_py
[3.156s] copying pallet_ground_package/pallet_ground_node.py -> /home/alaa/Desktop/pallet-detection-ground-segmentation-ros2/src/build/pallet_ground_package/build/lib/pallet_ground_package
[3.156s] running install
[3.157s] running install_lib
[3.157s] copying /home/alaa/Desktop/pallet-detection-ground-segmentation-ros2/src/build/pallet_ground_package/build/lib/pallet_ground_package/pallet_ground_node.py -> /home/alaa/Desktop/pallet-detection-ground-segmentation-ros2/src/install/pallet_ground_package/lib/python3.10/site-packages/pallet_ground_package
[3.161s] byte-compiling /home/alaa/Desktop/pallet-detection-ground-segmentation-ros2/src/install/pallet_ground_package/lib/python3.10/site-packages/pallet_ground_package/pallet_ground_node.py to pallet_ground_node.cpython-310.pyc
[3.161s] running install_data
[3.162s] running install_egg_info
[3.166s] removing '/home/alaa/Desktop/pallet-detection-ground-segmentation-ros2/src/install/pallet_ground_package/lib/python3.10/site-packages/pallet_ground_package-0.0.0-py3.10.egg-info' (and everything under it)
[3.166s] Copying ../build/pallet_ground_package/pallet_ground_package.egg-info to /home/alaa/Desktop/pallet-detection-ground-segmentation-ros2/src/install/pallet_ground_package/lib/python3.10/site-packages/pallet_ground_package-0.0.0-py3.10.egg-info
[3.167s] running install_scripts
[3.210s] Installing pallet_ground_node script to /home/alaa/Desktop/pallet-detection-ground-segmentation-ros2/src/install/pallet_ground_package/lib/pallet_ground_package
[3.210s] writing list of installed files to '/home/alaa/Desktop/pallet-detection-ground-segmentation-ros2/src/build/pallet_ground_package/install.log'
[3.245s] Invoked command in '/home/alaa/Desktop/pallet-detection-ground-segmentation-ros2/src/pallet_ground_package' returned '0': PYTHONPATH=/home/alaa/Desktop/pallet-detection-ground-segmentation-ros2/src/build/pallet_ground_package/prefix_override:/home/alaa/Desktop/pallet-detection-ground-segmentation-ros2/src/install/pallet_ground_package/lib/python3.10/site-packages:${PYTHONPATH} VIRTUAL_ENV_PROMPT=(venv) /usr/bin/python3 setup.py egg_info --egg-base ../build/pallet_ground_package build --build-base /home/alaa/Desktop/pallet-detection-ground-segmentation-ros2/src/build/pallet_ground_package/build install --record /home/alaa/Desktop/pallet-detection-ground-segmentation-ros2/src/build/pallet_ground_package/install.log --single-version-externally-managed
