[2.153s] Invoking command in '/home/alaa/Desktop/pallet-detection-ground-segmentation-ros2/src/pallet_ground_package': PS1=(venv) \[\e]0;\u@\h: \w\a\]${debian_chroot:+($debian_chroot)}\[\033[01;32m\]\u@\h\[\033[00m\]:\[\033[01;34m\]\w\[\033[00m\]\$ PYTHONPATH=/home/alaa/Desktop/pallet-detection-ground-segmentation-ros2/src/build/pallet_ground_package/prefix_override:/home/alaa/Desktop/pallet-detection-ground-segmentation-ros2/src/install/pallet_ground_package/lib/python3.10/site-packages:${PYTHONPATH} VIRTUAL_ENV_PROMPT=(venv) /usr/bin/python3 setup.py egg_info --egg-base ../build/pallet_ground_package build --build-base /home/alaa/Desktop/pallet-detection-ground-segmentation-ros2/src/build/pallet_ground_package/build install --record /home/alaa/Desktop/pallet-detection-ground-segmentation-ros2/src/build/pallet_ground_package/install.log --single-version-externally-managed
[2.833s] running egg_info
[2.834s] creating ../build/pallet_ground_package/pallet_ground_package.egg-info
[2.834s] writing ../build/pallet_ground_package/pallet_ground_package.egg-info/PKG-INFO
[2.835s] writing dependency_links to ../build/pallet_ground_package/pallet_ground_package.egg-info/dependency_links.txt
[2.835s] writing entry points to ../build/pallet_ground_package/pallet_ground_package.egg-info/entry_points.txt
[2.835s] writing requirements to ../build/pallet_ground_package/pallet_ground_package.egg-info/requires.txt
[2.835s] writing top-level names to ../build/pallet_ground_package/pallet_ground_package.egg-info/top_level.txt
[2.835s] writing manifest file '../build/pallet_ground_package/pallet_ground_package.egg-info/SOURCES.txt'
[2.838s] reading manifest file '../build/pallet_ground_package/pallet_ground_package.egg-info/SOURCES.txt'
[2.839s] writing manifest file '../build/pallet_ground_package/pallet_ground_package.egg-info/SOURCES.txt'
[2.839s] running build
[2.839s] running build_py
[2.839s] creating /home/alaa/Desktop/pallet-detection-ground-segmentation-ros2/src/build/pallet_ground_package/build
[2.839s] creating /home/alaa/Desktop/pallet-detection-ground-segmentation-ros2/src/build/pallet_ground_package/build/lib
[2.839s] creating /home/alaa/Desktop/pallet-detection-ground-segmentation-ros2/src/build/pallet_ground_package/build/lib/pallet_ground_package
[2.839s] copying pallet_ground_package/__init__.py -> /home/alaa/Desktop/pallet-detection-ground-segmentation-ros2/src/build/pallet_ground_package/build/lib/pallet_ground_package
[2.839s] copying pallet_ground_package/pallet_ground_node.py -> /home/alaa/Desktop/pallet-detection-ground-segmentation-ros2/src/build/pallet_ground_package/build/lib/pallet_ground_package
[2.840s] running install
[2.840s] running install_lib
[2.841s] creating /home/alaa/Desktop/pallet-detection-ground-segmentation-ros2/src/install/pallet_ground_package/lib/python3.10/site-packages/pallet_ground_package
[2.841s] copying /home/alaa/Desktop/pallet-detection-ground-segmentation-ros2/src/build/pallet_ground_package/build/lib/pallet_ground_package/__init__.py -> /home/alaa/Desktop/pallet-detection-ground-segmentation-ros2/src/install/pallet_ground_package/lib/python3.10/site-packages/pallet_ground_package
[2.841s] copying /home/alaa/Desktop/pallet-detection-ground-segmentation-ros2/src/build/pallet_ground_package/build/lib/pallet_ground_package/pallet_ground_node.py -> /home/alaa/Desktop/pallet-detection-ground-segmentation-ros2/src/install/pallet_ground_package/lib/python3.10/site-packages/pallet_ground_package
[2.844s] byte-compiling /home/alaa/Desktop/pallet-detection-ground-segmentation-ros2/src/install/pallet_ground_package/lib/python3.10/site-packages/pallet_ground_package/__init__.py to __init__.cpython-310.pyc
[2.844s] byte-compiling /home/alaa/Desktop/pallet-detection-ground-segmentation-ros2/src/install/pallet_ground_package/lib/python3.10/site-packages/pallet_ground_package/pallet_ground_node.py to pallet_ground_node.cpython-310.pyc
[2.845s] running install_data
[2.845s] creating /home/alaa/Desktop/pallet-detection-ground-segmentation-ros2/src/install/pallet_ground_package/share/ament_index
[2.846s] creating /home/alaa/Desktop/pallet-detection-ground-segmentation-ros2/src/install/pallet_ground_package/share/ament_index/resource_index
[2.846s] creating /home/alaa/Desktop/pallet-detection-ground-segmentation-ros2/src/install/pallet_ground_package/share/ament_index/resource_index/packages
[2.846s] copying resource/pallet_ground_package -> /home/alaa/Desktop/pallet-detection-ground-segmentation-ros2/src/install/pallet_ground_package/share/ament_index/resource_index/packages
[2.846s] copying package.xml -> /home/alaa/Desktop/pallet-detection-ground-segmentation-ros2/src/install/pallet_ground_package/share/pallet_ground_package
[2.846s] running install_egg_info
[2.850s] Copying ../build/pallet_ground_package/pallet_ground_package.egg-info to /home/alaa/Desktop/pallet-detection-ground-segmentation-ros2/src/install/pallet_ground_package/lib/python3.10/site-packages/pallet_ground_package-0.0.0-py3.10.egg-info
[2.851s] running install_scripts
[2.894s] Installing pallet_ground_node script to /home/alaa/Desktop/pallet-detection-ground-segmentation-ros2/src/install/pallet_ground_package/lib/pallet_ground_package
[2.894s] writing list of installed files to '/home/alaa/Desktop/pallet-detection-ground-segmentation-ros2/src/build/pallet_ground_package/install.log'
[2.922s] Invoked command in '/home/alaa/Desktop/pallet-detection-ground-segmentation-ros2/src/pallet_ground_package' returned '0': PS1=(venv) \[\e]0;\u@\h: \w\a\]${debian_chroot:+($debian_chroot)}\[\033[01;32m\]\u@\h\[\033[00m\]:\[\033[01;34m\]\w\[\033[00m\]\$ PYTHONPATH=/home/alaa/Desktop/pallet-detection-ground-segmentation-ros2/src/build/pallet_ground_package/prefix_override:/home/alaa/Desktop/pallet-detection-ground-segmentation-ros2/src/install/pallet_ground_package/lib/python3.10/site-packages:${PYTHONPATH} VIRTUAL_ENV_PROMPT=(venv) /usr/bin/python3 setup.py egg_info --egg-base ../build/pallet_ground_package build --build-base /home/alaa/Desktop/pallet-detection-ground-segmentation-ros2/src/build/pallet_ground_package/build install --record /home/alaa/Desktop/pallet-detection-ground-segmentation-ros2/src/build/pallet_ground_package/install.log --single-version-externally-managed
