[2.558s] Invoking command in '/home/alaa/Desktop/pallet-detection-ground-segmentation-ros2/src/pallet_ground_package': PS1=(venv) \[\e]0;\u@\h: \w\a\]${debian_chroot:+($debian_chroot)}\[\033[01;32m\]\u@\h\[\033[00m\]:\[\033[01;34m\]\w\[\033[00m\]\$ PYTHONPATH=/home/alaa/Desktop/pallet-detection-ground-segmentation-ros2/src/build/pallet_ground_package/prefix_override:/home/alaa/Desktop/pallet-detection-ground-segmentation-ros2/src/install/pallet_ground_package/lib/python3.10/site-packages:${PYTHONPATH} VIRTUAL_ENV_PROMPT=(venv) /usr/bin/python3 setup.py egg_info --egg-base ../build/pallet_ground_package build --build-base /home/alaa/Desktop/pallet-detection-ground-segmentation-ros2/src/build/pallet_ground_package/build install --record /home/alaa/Desktop/pallet-detection-ground-segmentation-ros2/src/build/pallet_ground_package/install.log --single-version-externally-managed
[3.286s] running egg_info
[3.287s] writing ../build/pallet_ground_package/pallet_ground_package.egg-info/PKG-INFO
[3.287s] writing dependency_links to ../build/pallet_ground_package/pallet_ground_package.egg-info/dependency_links.txt
[3.287s] writing entry points to ../build/pallet_ground_package/pallet_ground_package.egg-info/entry_points.txt
[3.287s] writing requirements to ../build/pallet_ground_package/pallet_ground_package.egg-info/requires.txt
[3.287s] writing top-level names to ../build/pallet_ground_package/pallet_ground_package.egg-info/top_level.txt
[3.289s] reading manifest file '../build/pallet_ground_package/pallet_ground_package.egg-info/SOURCES.txt'
[3.290s] writing manifest file '../build/pallet_ground_package/pallet_ground_package.egg-info/SOURCES.txt'
[3.290s] running build
[3.291s] running build_py
[3.291s] copying pallet_ground_package/pallet_ground_node.py -> /home/alaa/Desktop/pallet-detection-ground-segmentation-ros2/src/build/pallet_ground_package/build/lib/pallet_ground_package
[3.291s] running install
[3.291s] running install_lib
[3.292s] copying /home/alaa/Desktop/pallet-detection-ground-segmentation-ros2/src/build/pallet_ground_package/build/lib/pallet_ground_package/pallet_ground_node.py -> /home/alaa/Desktop/pallet-detection-ground-segmentation-ros2/src/install/pallet_ground_package/lib/python3.10/site-packages/pallet_ground_package
[3.295s] byte-compiling /home/alaa/Desktop/pallet-detection-ground-segmentation-ros2/src/install/pallet_ground_package/lib/python3.10/site-packages/pallet_ground_package/pallet_ground_node.py to pallet_ground_node.cpython-310.pyc
[3.296s] running install_data
[3.296s] creating /home/alaa/Desktop/pallet-detection-ground-segmentation-ros2/src/install/pallet_ground_package/share/pallet_ground_package/models
[3.297s] copying pallet_ground_package/models/ground_seg.pt -> /home/alaa/Desktop/pallet-detection-ground-segmentation-ros2/src/install/pallet_ground_package/share/pallet_ground_package/models
[3.310s] copying pallet_ground_package/models/pallet_det.pt -> /home/alaa/Desktop/pallet-detection-ground-segmentation-ros2/src/install/pallet_ground_package/share/pallet_ground_package/models
[3.313s] running install_egg_info
[3.317s] removing '/home/alaa/Desktop/pallet-detection-ground-segmentation-ros2/src/install/pallet_ground_package/lib/python3.10/site-packages/pallet_ground_package-0.0.0-py3.10.egg-info' (and everything under it)
[3.318s] Copying ../build/pallet_ground_package/pallet_ground_package.egg-info to /home/alaa/Desktop/pallet-detection-ground-segmentation-ros2/src/install/pallet_ground_package/lib/python3.10/site-packages/pallet_ground_package-0.0.0-py3.10.egg-info
[3.319s] running install_scripts
[3.378s] Installing pallet_ground_node script to /home/alaa/Desktop/pallet-detection-ground-segmentation-ros2/src/install/pallet_ground_package/lib/pallet_ground_package
[3.378s] writing list of installed files to '/home/alaa/Desktop/pallet-detection-ground-segmentation-ros2/src/build/pallet_ground_package/install.log'
[3.402s] Invoked command in '/home/alaa/Desktop/pallet-detection-ground-segmentation-ros2/src/pallet_ground_package' returned '0': PS1=(venv) \[\e]0;\u@\h: \w\a\]${debian_chroot:+($debian_chroot)}\[\033[01;32m\]\u@\h\[\033[00m\]:\[\033[01;34m\]\w\[\033[00m\]\$ PYTHONPATH=/home/alaa/Desktop/pallet-detection-ground-segmentation-ros2/src/build/pallet_ground_package/prefix_override:/home/alaa/Desktop/pallet-detection-ground-segmentation-ros2/src/install/pallet_ground_package/lib/python3.10/site-packages:${PYTHONPATH} VIRTUAL_ENV_PROMPT=(venv) /usr/bin/python3 setup.py egg_info --egg-base ../build/pallet_ground_package build --build-base /home/alaa/Desktop/pallet-detection-ground-segmentation-ros2/src/build/pallet_ground_package/build install --record /home/alaa/Desktop/pallet-detection-ground-segmentation-ros2/src/build/pallet_ground_package/install.log --single-version-externally-managed
