[2.350s] DEBUG:colcon:Command line arguments: ['/usr/bin/colcon', 'build']
[2.350s] DEBUG:colcon:Parsed command line arguments: Namespace(log_base=None, log_level=None, verb_name='build', build_base='build', install_base='install', merge_install=False, symlink_install=False, test_result_base=None, continue_on_error=False, executor='parallel', parallel_workers=8, event_handlers=None, ignore_user_meta=False, metas=['./colcon.meta'], base_paths=['.'], packages_ignore=None, packages_ignore_regex=None, paths=None, packages_up_to=None, packages_up_to_regex=None, packages_above=None, packages_above_and_dependencies=None, packages_above_depth=None, packages_select_by_dep=None, packages_skip_by_dep=None, packages_skip_up_to=None, packages_select_build_failed=False, packages_skip_build_finished=False, packages_select_test_failures=False, packages_skip_test_passed=False, packages_select=None, packages_skip=None, packages_select_regex=None, packages_skip_regex=None, packages_start=None, packages_end=None, allow_overriding=[], cmake_args=None, cmake_target=None, cmake_target_skip_unavailable=False, cmake_clean_cache=False, cmake_clean_first=False, cmake_force_configure=False, ament_cmake_args=None, catkin_cmake_args=None, catkin_skip_building_tests=False, verb_parser=<colcon_defaults.argument_parser.defaults.DefaultArgumentsDecorator object at 0x7abf4cf9fa60>, verb_extension=<colcon_core.verb.build.BuildVerb object at 0x7abf4cc12cb0>, main=<bound method BuildVerb.main of <colcon_core.verb.build.BuildVerb object at 0x7abf4cc12cb0>>)
[2.449s] Level 1:colcon.colcon_core.package_discovery:discover_packages(colcon_meta) check parameters
[2.449s] Level 1:colcon.colcon_core.package_discovery:discover_packages(recursive) check parameters
[2.449s] Level 1:colcon.colcon_core.package_discovery:discover_packages(ignore) check parameters
[2.449s] Level 1:colcon.colcon_core.package_discovery:discover_packages(path) check parameters
[2.449s] Level 1:colcon.colcon_core.package_discovery:discover_packages(colcon_meta) discover
[2.449s] Level 1:colcon.colcon_core.package_discovery:discover_packages(recursive) discover
[2.449s] INFO:colcon.colcon_core.package_discovery:Crawling recursively for packages in '/home/alaa/Desktop/pallet-detection-ground-segmentation-ros2/src'
[2.449s] Level 1:colcon.colcon_core.package_identification:_identify(.) by extensions ['ignore', 'ignore_ament_install']
[2.449s] Level 1:colcon.colcon_core.package_identification:_identify(.) by extension 'ignore'
[2.449s] Level 1:colcon.colcon_core.package_identification:_identify(.) by extension 'ignore_ament_install'
[2.449s] Level 1:colcon.colcon_core.package_identification:_identify(.) by extensions ['colcon_pkg']
[2.449s] Level 1:colcon.colcon_core.package_identification:_identify(.) by extension 'colcon_pkg'
[2.449s] Level 1:colcon.colcon_core.package_identification:_identify(.) by extensions ['colcon_meta']
[2.449s] Level 1:colcon.colcon_core.package_identification:_identify(.) by extension 'colcon_meta'
[2.449s] Level 1:colcon.colcon_core.package_identification:_identify(.) by extensions ['ros']
[2.449s] Level 1:colcon.colcon_core.package_identification:_identify(.) by extension 'ros'
[2.460s] Level 1:colcon.colcon_core.package_identification:_identify(.) by extensions ['cmake', 'python']
[2.460s] Level 1:colcon.colcon_core.package_identification:_identify(.) by extension 'cmake'
[2.460s] Level 1:colcon.colcon_core.package_identification:_identify(.) by extension 'python'
[2.460s] Level 1:colcon.colcon_core.package_identification:_identify(.) by extensions ['python_setup_py']
[2.461s] Level 1:colcon.colcon_core.package_identification:_identify(.) by extension 'python_setup_py'
[2.461s] Level 1:colcon.colcon_core.package_identification:_identify(build) by extensions ['ignore', 'ignore_ament_install']
[2.461s] Level 1:colcon.colcon_core.package_identification:_identify(build) by extension 'ignore'
[2.461s] Level 1:colcon.colcon_core.package_identification:_identify(build) ignored
[2.461s] Level 1:colcon.colcon_core.package_identification:_identify(install) by extensions ['ignore', 'ignore_ament_install']
[2.461s] Level 1:colcon.colcon_core.package_identification:_identify(install) by extension 'ignore'
[2.461s] Level 1:colcon.colcon_core.package_identification:_identify(install) ignored
[2.461s] Level 1:colcon.colcon_core.package_identification:_identify(log) by extensions ['ignore', 'ignore_ament_install']
[2.461s] Level 1:colcon.colcon_core.package_identification:_identify(log) by extension 'ignore'
[2.461s] Level 1:colcon.colcon_core.package_identification:_identify(log) ignored
[2.461s] Level 1:colcon.colcon_core.package_identification:_identify(pallet_ground_package) by extensions ['ignore', 'ignore_ament_install']
[2.461s] Level 1:colcon.colcon_core.package_identification:_identify(pallet_ground_package) by extension 'ignore'
[2.461s] Level 1:colcon.colcon_core.package_identification:_identify(pallet_ground_package) by extension 'ignore_ament_install'
[2.461s] Level 1:colcon.colcon_core.package_identification:_identify(pallet_ground_package) by extensions ['colcon_pkg']
[2.461s] Level 1:colcon.colcon_core.package_identification:_identify(pallet_ground_package) by extension 'colcon_pkg'
[2.461s] Level 1:colcon.colcon_core.package_identification:_identify(pallet_ground_package) by extensions ['colcon_meta']
[2.461s] Level 1:colcon.colcon_core.package_identification:_identify(pallet_ground_package) by extension 'colcon_meta'
[2.462s] Level 1:colcon.colcon_core.package_identification:_identify(pallet_ground_package) by extensions ['ros']
[2.462s] Level 1:colcon.colcon_core.package_identification:_identify(pallet_ground_package) by extension 'ros'
[2.463s] DEBUG:colcon.colcon_core.package_identification:Package 'pallet_ground_package' with type 'ros.ament_python' and name 'pallet_ground_package'
[2.464s] Level 1:colcon.colcon_core.package_discovery:discover_packages(recursive) using defaults
[2.464s] Level 1:colcon.colcon_core.package_discovery:discover_packages(ignore) discover
[2.464s] Level 1:colcon.colcon_core.package_discovery:discover_packages(ignore) using defaults
[2.464s] Level 1:colcon.colcon_core.package_discovery:discover_packages(path) discover
[2.464s] Level 1:colcon.colcon_core.package_discovery:discover_packages(path) using defaults
[2.703s] Level 1:colcon.colcon_core.package_discovery:discover_packages(prefix_path) check parameters
[2.703s] Level 1:colcon.colcon_core.package_discovery:discover_packages(prefix_path) discover
[2.790s] DEBUG:colcon.colcon_installed_package_information.package_discovery:Found 16 installed packages in /home/alaa/autoronto_ws/install
[2.833s] DEBUG:colcon.colcon_installed_package_information.package_discovery:Found 374 installed packages in /root/ros2_humble/install
[2.869s] DEBUG:colcon.colcon_installed_package_information.package_discovery:Found 6 installed packages in /home/alaa/ros2_ws/install
[2.901s] DEBUG:colcon.colcon_installed_package_information.package_discovery:Found 3 installed packages in /home/alaa/ros2_ws/src/install
[2.902s] Level 1:colcon.colcon_core.package_discovery:discover_packages(prefix_path) using defaults
[2.994s] Level 5:colcon.colcon_core.verb:set package 'pallet_ground_package' build argument 'cmake_args' from command line to 'None'
[2.994s] Level 5:colcon.colcon_core.verb:set package 'pallet_ground_package' build argument 'cmake_target' from command line to 'None'
[2.994s] Level 5:colcon.colcon_core.verb:set package 'pallet_ground_package' build argument 'cmake_target_skip_unavailable' from command line to 'False'
[2.994s] Level 5:colcon.colcon_core.verb:set package 'pallet_ground_package' build argument 'cmake_clean_cache' from command line to 'False'
[2.994s] Level 5:colcon.colcon_core.verb:set package 'pallet_ground_package' build argument 'cmake_clean_first' from command line to 'False'
[2.994s] Level 5:colcon.colcon_core.verb:set package 'pallet_ground_package' build argument 'cmake_force_configure' from command line to 'False'
[2.994s] Level 5:colcon.colcon_core.verb:set package 'pallet_ground_package' build argument 'ament_cmake_args' from command line to 'None'
[2.994s] Level 5:colcon.colcon_core.verb:set package 'pallet_ground_package' build argument 'catkin_cmake_args' from command line to 'None'
[2.994s] Level 5:colcon.colcon_core.verb:set package 'pallet_ground_package' build argument 'catkin_skip_building_tests' from command line to 'False'
[2.995s] DEBUG:colcon.colcon_core.verb:Building package 'pallet_ground_package' with the following arguments: {'ament_cmake_args': None, 'build_base': '/home/alaa/Desktop/pallet-detection-ground-segmentation-ros2/src/build/pallet_ground_package', 'catkin_cmake_args': None, 'catkin_skip_building_tests': False, 'cmake_args': None, 'cmake_clean_cache': False, 'cmake_clean_first': False, 'cmake_force_configure': False, 'cmake_target': None, 'cmake_target_skip_unavailable': False, 'install_base': '/home/alaa/Desktop/pallet-detection-ground-segmentation-ros2/src/install/pallet_ground_package', 'merge_install': False, 'path': '/home/alaa/Desktop/pallet-detection-ground-segmentation-ros2/src/pallet_ground_package', 'symlink_install': False, 'test_result_base': None}
[3.051s] INFO:colcon.colcon_core.executor:Executing jobs using 'parallel' executor
[3.092s] DEBUG:colcon.colcon_parallel_executor.executor.parallel:run_until_complete
[3.092s] INFO:colcon.colcon_ros.task.ament_python.build:Building ROS package in '/home/alaa/Desktop/pallet-detection-ground-segmentation-ros2/src/pallet_ground_package' with build type 'ament_python'
[3.092s] Level 1:colcon.colcon_core.shell:create_environment_hook('pallet_ground_package', 'ament_prefix_path')
[3.151s] INFO:colcon.colcon_core.plugin_system:Skipping extension 'colcon_core.shell.bat': Not used on non-Windows systems
[3.152s] INFO:colcon.colcon_core.shell:Creating environment hook '/home/alaa/Desktop/pallet-detection-ground-segmentation-ros2/src/install/pallet_ground_package/share/pallet_ground_package/hook/ament_prefix_path.ps1'
[3.152s] INFO:colcon.colcon_core.shell:Creating environment descriptor '/home/alaa/Desktop/pallet-detection-ground-segmentation-ros2/src/install/pallet_ground_package/share/pallet_ground_package/hook/ament_prefix_path.dsv'
[3.153s] INFO:colcon.colcon_core.shell:Creating environment hook '/home/alaa/Desktop/pallet-detection-ground-segmentation-ros2/src/install/pallet_ground_package/share/pallet_ground_package/hook/ament_prefix_path.sh'
[3.193s] INFO:colcon.colcon_core.shell:Skip shell extension 'powershell' for command environment: Not usable outside of PowerShell
[3.193s] DEBUG:colcon.colcon_core.shell:Skip shell extension 'dsv' for command environment
[4.178s] INFO:colcon.colcon_core.task.python.build:Building Python package in '/home/alaa/Desktop/pallet-detection-ground-segmentation-ros2/src/pallet_ground_package'
[4.226s] INFO:colcon.colcon_core.shell:Skip shell extension 'powershell' for command environment: Not usable outside of PowerShell
[4.226s] DEBUG:colcon.colcon_core.shell:Skip shell extension 'dsv' for command environment
[5.523s] DEBUG:colcon.colcon_core.event_handler.log_command:Invoking command in '/home/alaa/Desktop/pallet-detection-ground-segmentation-ros2/src/pallet_ground_package': PYTHONPATH=/home/alaa/Desktop/pallet-detection-ground-segmentation-ros2/src/build/pallet_ground_package/prefix_override:/home/alaa/Desktop/pallet-detection-ground-segmentation-ros2/src/install/pallet_ground_package/lib/python3.10/site-packages:${PYTHONPATH} VIRTUAL_ENV_PROMPT=(venv) /usr/bin/python3 setup.py egg_info --egg-base ../build/pallet_ground_package build --build-base /home/alaa/Desktop/pallet-detection-ground-segmentation-ros2/src/build/pallet_ground_package/build install --record /home/alaa/Desktop/pallet-detection-ground-segmentation-ros2/src/build/pallet_ground_package/install.log --single-version-externally-managed
[6.338s] DEBUG:colcon.colcon_core.event_handler.log_command:Invoked command in '/home/alaa/Desktop/pallet-detection-ground-segmentation-ros2/src/pallet_ground_package' returned '0': PYTHONPATH=/home/alaa/Desktop/pallet-detection-ground-segmentation-ros2/src/build/pallet_ground_package/prefix_override:/home/alaa/Desktop/pallet-detection-ground-segmentation-ros2/src/install/pallet_ground_package/lib/python3.10/site-packages:${PYTHONPATH} VIRTUAL_ENV_PROMPT=(venv) /usr/bin/python3 setup.py egg_info --egg-base ../build/pallet_ground_package build --build-base /home/alaa/Desktop/pallet-detection-ground-segmentation-ros2/src/build/pallet_ground_package/build install --record /home/alaa/Desktop/pallet-detection-ground-segmentation-ros2/src/build/pallet_ground_package/install.log --single-version-externally-managed
[6.384s] Level 1:colcon.colcon_core.environment:checking '/home/alaa/Desktop/pallet-detection-ground-segmentation-ros2/src/install/pallet_ground_package' for CMake module files
[6.384s] Level 1:colcon.colcon_core.environment:checking '/home/alaa/Desktop/pallet-detection-ground-segmentation-ros2/src/install/pallet_ground_package' for CMake config files
[6.385s] Level 1:colcon.colcon_core.environment:checking '/home/alaa/Desktop/pallet-detection-ground-segmentation-ros2/src/install/pallet_ground_package/lib'
[6.385s] Level 1:colcon.colcon_core.environment:checking '/home/alaa/Desktop/pallet-detection-ground-segmentation-ros2/src/install/pallet_ground_package/bin'
[6.385s] Level 1:colcon.colcon_core.environment:checking '/home/alaa/Desktop/pallet-detection-ground-segmentation-ros2/src/install/pallet_ground_package/lib/pkgconfig/pallet_ground_package.pc'
[6.385s] Level 1:colcon.colcon_core.environment:checking '/home/alaa/Desktop/pallet-detection-ground-segmentation-ros2/src/install/pallet_ground_package/lib/python3.10/site-packages'
[6.386s] Level 1:colcon.colcon_core.shell:create_environment_hook('pallet_ground_package', 'pythonpath')
[6.433s] INFO:colcon.colcon_core.shell:Creating environment hook '/home/alaa/Desktop/pallet-detection-ground-segmentation-ros2/src/install/pallet_ground_package/share/pallet_ground_package/hook/pythonpath.ps1'
[6.433s] INFO:colcon.colcon_core.shell:Creating environment descriptor '/home/alaa/Desktop/pallet-detection-ground-segmentation-ros2/src/install/pallet_ground_package/share/pallet_ground_package/hook/pythonpath.dsv'
[6.434s] INFO:colcon.colcon_core.shell:Creating environment hook '/home/alaa/Desktop/pallet-detection-ground-segmentation-ros2/src/install/pallet_ground_package/share/pallet_ground_package/hook/pythonpath.sh'
[6.435s] Level 1:colcon.colcon_core.environment:checking '/home/alaa/Desktop/pallet-detection-ground-segmentation-ros2/src/install/pallet_ground_package/bin'
[6.435s] Level 1:colcon.colcon_core.environment:create_environment_scripts_only(pallet_ground_package)
[6.477s] INFO:colcon.colcon_core.shell:Creating package script '/home/alaa/Desktop/pallet-detection-ground-segmentation-ros2/src/install/pallet_ground_package/share/pallet_ground_package/package.ps1'
[6.478s] INFO:colcon.colcon_core.shell:Creating package descriptor '/home/alaa/Desktop/pallet-detection-ground-segmentation-ros2/src/install/pallet_ground_package/share/pallet_ground_package/package.dsv'
[6.478s] INFO:colcon.colcon_core.shell:Creating package script '/home/alaa/Desktop/pallet-detection-ground-segmentation-ros2/src/install/pallet_ground_package/share/pallet_ground_package/package.sh'
[6.479s] INFO:colcon.colcon_core.shell:Creating package script '/home/alaa/Desktop/pallet-detection-ground-segmentation-ros2/src/install/pallet_ground_package/share/pallet_ground_package/package.bash'
[6.480s] INFO:colcon.colcon_core.shell:Creating package script '/home/alaa/Desktop/pallet-detection-ground-segmentation-ros2/src/install/pallet_ground_package/share/pallet_ground_package/package.zsh'
[6.480s] Level 1:colcon.colcon_core.environment:create_file_with_runtime_dependencies(/home/alaa/Desktop/pallet-detection-ground-segmentation-ros2/src/install/pallet_ground_package/share/colcon-core/packages/pallet_ground_package)
[6.480s] DEBUG:colcon.colcon_parallel_executor.executor.parallel:closing loop
[6.481s] DEBUG:colcon.colcon_parallel_executor.executor.parallel:loop closed
[6.481s] DEBUG:colcon.colcon_parallel_executor.executor.parallel:run_until_complete finished with '0'
[6.481s] DEBUG:colcon.colcon_core.event_reactor:joining thread
[6.549s] INFO:colcon.colcon_core.plugin_system:Skipping extension 'colcon_notification.desktop_notification.terminal_notifier': Not used on non-Darwin systems
[6.549s] INFO:colcon.colcon_core.plugin_system:Skipping extension 'colcon_notification.desktop_notification.win32': Not used on non-Windows systems
[6.549s] INFO:colcon.colcon_notification.desktop_notification:Sending desktop notification using 'notify2'
[6.559s] DEBUG:colcon.colcon_core.event_reactor:joined thread
[6.600s] INFO:colcon.colcon_core.shell:Creating prefix script '/home/alaa/Desktop/pallet-detection-ground-segmentation-ros2/src/install/local_setup.ps1'
[6.601s] INFO:colcon.colcon_core.shell:Creating prefix util module '/home/alaa/Desktop/pallet-detection-ground-segmentation-ros2/src/install/_local_setup_util_ps1.py'
[6.602s] INFO:colcon.colcon_core.shell:Creating prefix chain script '/home/alaa/Desktop/pallet-detection-ground-segmentation-ros2/src/install/setup.ps1'
[6.660s] INFO:colcon.colcon_core.shell:Creating prefix script '/home/alaa/Desktop/pallet-detection-ground-segmentation-ros2/src/install/local_setup.sh'
[6.660s] INFO:colcon.colcon_core.shell:Creating prefix util module '/home/alaa/Desktop/pallet-detection-ground-segmentation-ros2/src/install/_local_setup_util_sh.py'
[6.661s] INFO:colcon.colcon_core.shell:Creating prefix chain script '/home/alaa/Desktop/pallet-detection-ground-segmentation-ros2/src/install/setup.sh'
[6.717s] INFO:colcon.colcon_core.shell:Creating prefix script '/home/alaa/Desktop/pallet-detection-ground-segmentation-ros2/src/install/local_setup.bash'
[6.718s] INFO:colcon.colcon_core.shell:Creating prefix chain script '/home/alaa/Desktop/pallet-detection-ground-segmentation-ros2/src/install/setup.bash'
[6.799s] INFO:colcon.colcon_core.shell:Creating prefix script '/home/alaa/Desktop/pallet-detection-ground-segmentation-ros2/src/install/local_setup.zsh'
[6.799s] INFO:colcon.colcon_core.shell:Creating prefix chain script '/home/alaa/Desktop/pallet-detection-ground-segmentation-ros2/src/install/setup.zsh'
