[2.492s] DEBUG:colcon:Command line arguments: ['/usr/bin/colcon', 'build', '--packages-select', 'pallet_ground_package']
[2.492s] DEBUG:colcon:Parsed command line arguments: Namespace(log_base=None, log_level=None, verb_name='build', build_base='build', install_base='install', merge_install=False, symlink_install=False, test_result_base=None, continue_on_error=False, executor='parallel', parallel_workers=8, event_handlers=None, ignore_user_meta=False, metas=['./colcon.meta'], base_paths=['.'], packages_ignore=None, packages_ignore_regex=None, paths=None, packages_up_to=None, packages_up_to_regex=None, packages_above=None, packages_above_and_dependencies=None, packages_above_depth=None, packages_select_by_dep=None, packages_skip_by_dep=None, packages_skip_up_to=None, packages_select_build_failed=False, packages_skip_build_finished=False, packages_select_test_failures=False, packages_skip_test_passed=False, packages_select=['pallet_ground_package'], packages_skip=None, packages_select_regex=None, packages_skip_regex=None, packages_start=None, packages_end=None, allow_overriding=[], cmake_args=None, cmake_target=None, cmake_target_skip_unavailable=False, cmake_clean_cache=False, cmake_clean_first=False, cmake_force_configure=False, ament_cmake_args=None, catkin_cmake_args=None, catkin_skip_building_tests=False, verb_parser=<colcon_defaults.argument_parser.defaults.DefaultArgumentsDecorator object at 0x792f04189840>, verb_extension=<colcon_core.verb.build.BuildVerb object at 0x792f04189330>, main=<bound method BuildVerb.main of <colcon_core.verb.build.BuildVerb object at 0x792f04189330>>)
[2.585s] Level 1:colcon.colcon_core.package_discovery:discover_packages(colcon_meta) check parameters
[2.585s] Level 1:colcon.colcon_core.package_discovery:discover_packages(recursive) check parameters
[2.585s] Level 1:colcon.colcon_core.package_discovery:discover_packages(ignore) check parameters
[2.585s] Level 1:colcon.colcon_core.package_discovery:discover_packages(path) check parameters
[2.585s] Level 1:colcon.colcon_core.package_discovery:discover_packages(colcon_meta) discover
[2.586s] Level 1:colcon.colcon_core.package_discovery:discover_packages(recursive) discover
[2.586s] INFO:colcon.colcon_core.package_discovery:Crawling recursively for packages in '/home/alaa/Desktop/pallet-detection-ground-segmentation-ros2/src'
[2.586s] Level 1:colcon.colcon_core.package_identification:_identify(.) by extensions ['ignore', 'ignore_ament_install']
[2.586s] Level 1:colcon.colcon_core.package_identification:_identify(.) by extension 'ignore'
[2.586s] Level 1:colcon.colcon_core.package_identification:_identify(.) by extension 'ignore_ament_install'
[2.586s] Level 1:colcon.colcon_core.package_identification:_identify(.) by extensions ['colcon_pkg']
[2.586s] Level 1:colcon.colcon_core.package_identification:_identify(.) by extension 'colcon_pkg'
[2.586s] Level 1:colcon.colcon_core.package_identification:_identify(.) by extensions ['colcon_meta']
[2.586s] Level 1:colcon.colcon_core.package_identification:_identify(.) by extension 'colcon_meta'
[2.586s] Level 1:colcon.colcon_core.package_identification:_identify(.) by extensions ['ros']
[2.586s] Level 1:colcon.colcon_core.package_identification:_identify(.) by extension 'ros'
[2.597s] Level 1:colcon.colcon_core.package_identification:_identify(.) by extensions ['cmake', 'python']
[2.597s] Level 1:colcon.colcon_core.package_identification:_identify(.) by extension 'cmake'
[2.597s] Level 1:colcon.colcon_core.package_identification:_identify(.) by extension 'python'
[2.597s] Level 1:colcon.colcon_core.package_identification:_identify(.) by extensions ['python_setup_py']
[2.597s] Level 1:colcon.colcon_core.package_identification:_identify(.) by extension 'python_setup_py'
[2.597s] Level 1:colcon.colcon_core.package_identification:_identify(build) by extensions ['ignore', 'ignore_ament_install']
[2.597s] Level 1:colcon.colcon_core.package_identification:_identify(build) by extension 'ignore'
[2.597s] Level 1:colcon.colcon_core.package_identification:_identify(build) ignored
[2.597s] Level 1:colcon.colcon_core.package_identification:_identify(install) by extensions ['ignore', 'ignore_ament_install']
[2.597s] Level 1:colcon.colcon_core.package_identification:_identify(install) by extension 'ignore'
[2.597s] Level 1:colcon.colcon_core.package_identification:_identify(install) ignored
[2.597s] Level 1:colcon.colcon_core.package_identification:_identify(log) by extensions ['ignore', 'ignore_ament_install']
[2.598s] Level 1:colcon.colcon_core.package_identification:_identify(log) by extension 'ignore'
[2.598s] Level 1:colcon.colcon_core.package_identification:_identify(log) ignored
[2.598s] Level 1:colcon.colcon_core.package_identification:_identify(models) by extensions ['ignore', 'ignore_ament_install']
[2.598s] Level 1:colcon.colcon_core.package_identification:_identify(models) by extension 'ignore'
[2.598s] Level 1:colcon.colcon_core.package_identification:_identify(models) by extension 'ignore_ament_install'
[2.598s] Level 1:colcon.colcon_core.package_identification:_identify(models) by extensions ['colcon_pkg']
[2.598s] Level 1:colcon.colcon_core.package_identification:_identify(models) by extension 'colcon_pkg'
[2.598s] Level 1:colcon.colcon_core.package_identification:_identify(models) by extensions ['colcon_meta']
[2.598s] Level 1:colcon.colcon_core.package_identification:_identify(models) by extension 'colcon_meta'
[2.598s] Level 1:colcon.colcon_core.package_identification:_identify(models) by extensions ['ros']
[2.598s] Level 1:colcon.colcon_core.package_identification:_identify(models) by extension 'ros'
[2.598s] Level 1:colcon.colcon_core.package_identification:_identify(models) by extensions ['cmake', 'python']
[2.598s] Level 1:colcon.colcon_core.package_identification:_identify(models) by extension 'cmake'
[2.598s] Level 1:colcon.colcon_core.package_identification:_identify(models) by extension 'python'
[2.598s] Level 1:colcon.colcon_core.package_identification:_identify(models) by extensions ['python_setup_py']
[2.598s] Level 1:colcon.colcon_core.package_identification:_identify(models) by extension 'python_setup_py'
[2.598s] Level 1:colcon.colcon_core.package_identification:_identify(pallet_ground_package) by extensions ['ignore', 'ignore_ament_install']
[2.598s] Level 1:colcon.colcon_core.package_identification:_identify(pallet_ground_package) by extension 'ignore'
[2.598s] Level 1:colcon.colcon_core.package_identification:_identify(pallet_ground_package) by extension 'ignore_ament_install'
[2.598s] Level 1:colcon.colcon_core.package_identification:_identify(pallet_ground_package) by extensions ['colcon_pkg']
[2.598s] Level 1:colcon.colcon_core.package_identification:_identify(pallet_ground_package) by extension 'colcon_pkg'
[2.598s] Level 1:colcon.colcon_core.package_identification:_identify(pallet_ground_package) by extensions ['colcon_meta']
[2.598s] Level 1:colcon.colcon_core.package_identification:_identify(pallet_ground_package) by extension 'colcon_meta'
[2.599s] Level 1:colcon.colcon_core.package_identification:_identify(pallet_ground_package) by extensions ['ros']
[2.599s] Level 1:colcon.colcon_core.package_identification:_identify(pallet_ground_package) by extension 'ros'
[2.600s] DEBUG:colcon.colcon_core.package_identification:Package 'pallet_ground_package' with type 'ros.ament_python' and name 'pallet_ground_package'
[2.600s] Level 1:colcon.colcon_core.package_discovery:discover_packages(recursive) using defaults
[2.600s] Level 1:colcon.colcon_core.package_discovery:discover_packages(ignore) discover
[2.600s] Level 1:colcon.colcon_core.package_discovery:discover_packages(ignore) using defaults
[2.600s] Level 1:colcon.colcon_core.package_discovery:discover_packages(path) discover
[2.600s] Level 1:colcon.colcon_core.package_discovery:discover_packages(path) using defaults
[2.865s] Level 1:colcon.colcon_core.package_discovery:discover_packages(prefix_path) check parameters
[2.865s] Level 1:colcon.colcon_core.package_discovery:discover_packages(prefix_path) discover
[2.903s] WARNING:colcon.colcon_core.prefix_path.colcon:The path '/home/alaa/Desktop/pallet-detection-ground-segmentation-ros2/install' in the environment variable COLCON_PREFIX_PATH doesn't exist
[2.903s] WARNING:colcon.colcon_ros.prefix_path.ament:The path '/home/alaa/Desktop/pallet-detection-ground-segmentation-ros2/install/pallet_ground_node' in the environment variable AMENT_PREFIX_PATH doesn't exist
[2.969s] DEBUG:colcon.colcon_installed_package_information.package_discovery:Found 1 installed packages in /home/alaa/Desktop/pallet-detection-ground-segmentation-ros2/src/install
[3.009s] DEBUG:colcon.colcon_installed_package_information.package_discovery:Found 16 installed packages in /home/alaa/autoronto_ws/install
[3.058s] DEBUG:colcon.colcon_installed_package_information.package_discovery:Found 374 installed packages in /root/ros2_humble/install
[3.100s] DEBUG:colcon.colcon_installed_package_information.package_discovery:Found 6 installed packages in /home/alaa/ros2_ws/install
[3.140s] DEBUG:colcon.colcon_installed_package_information.package_discovery:Found 3 installed packages in /home/alaa/ros2_ws/src/install
[3.140s] Level 1:colcon.colcon_core.package_discovery:discover_packages(prefix_path) using defaults
[3.267s] Level 5:colcon.colcon_core.verb:set package 'pallet_ground_package' build argument 'cmake_args' from command line to 'None'
[3.267s] Level 5:colcon.colcon_core.verb:set package 'pallet_ground_package' build argument 'cmake_target' from command line to 'None'
[3.267s] Level 5:colcon.colcon_core.verb:set package 'pallet_ground_package' build argument 'cmake_target_skip_unavailable' from command line to 'False'
[3.267s] Level 5:colcon.colcon_core.verb:set package 'pallet_ground_package' build argument 'cmake_clean_cache' from command line to 'False'
[3.267s] Level 5:colcon.colcon_core.verb:set package 'pallet_ground_package' build argument 'cmake_clean_first' from command line to 'False'
[3.267s] Level 5:colcon.colcon_core.verb:set package 'pallet_ground_package' build argument 'cmake_force_configure' from command line to 'False'
[3.267s] Level 5:colcon.colcon_core.verb:set package 'pallet_ground_package' build argument 'ament_cmake_args' from command line to 'None'
[3.267s] Level 5:colcon.colcon_core.verb:set package 'pallet_ground_package' build argument 'catkin_cmake_args' from command line to 'None'
[3.267s] Level 5:colcon.colcon_core.verb:set package 'pallet_ground_package' build argument 'catkin_skip_building_tests' from command line to 'False'
[3.267s] DEBUG:colcon.colcon_core.verb:Building package 'pallet_ground_package' with the following arguments: {'ament_cmake_args': None, 'build_base': '/home/alaa/Desktop/pallet-detection-ground-segmentation-ros2/src/build/pallet_ground_package', 'catkin_cmake_args': None, 'catkin_skip_building_tests': False, 'cmake_args': None, 'cmake_clean_cache': False, 'cmake_clean_first': False, 'cmake_force_configure': False, 'cmake_target': None, 'cmake_target_skip_unavailable': False, 'install_base': '/home/alaa/Desktop/pallet-detection-ground-segmentation-ros2/src/install/pallet_ground_package', 'merge_install': False, 'path': '/home/alaa/Desktop/pallet-detection-ground-segmentation-ros2/src/pallet_ground_package', 'symlink_install': False, 'test_result_base': None}
[3.305s] INFO:colcon.colcon_core.executor:Executing jobs using 'parallel' executor
[3.341s] DEBUG:colcon.colcon_parallel_executor.executor.parallel:run_until_complete
[3.341s] INFO:colcon.colcon_ros.task.ament_python.build:Building ROS package in '/home/alaa/Desktop/pallet-detection-ground-segmentation-ros2/src/pallet_ground_package' with build type 'ament_python'
[3.341s] Level 1:colcon.colcon_core.shell:create_environment_hook('pallet_ground_package', 'ament_prefix_path')
[3.403s] INFO:colcon.colcon_core.plugin_system:Skipping extension 'colcon_core.shell.bat': Not used on non-Windows systems
[3.403s] INFO:colcon.colcon_core.shell:Creating environment hook '/home/alaa/Desktop/pallet-detection-ground-segmentation-ros2/src/install/pallet_ground_package/share/pallet_ground_package/hook/ament_prefix_path.ps1'
[3.404s] INFO:colcon.colcon_core.shell:Creating environment descriptor '/home/alaa/Desktop/pallet-detection-ground-segmentation-ros2/src/install/pallet_ground_package/share/pallet_ground_package/hook/ament_prefix_path.dsv'
[3.404s] INFO:colcon.colcon_core.shell:Creating environment hook '/home/alaa/Desktop/pallet-detection-ground-segmentation-ros2/src/install/pallet_ground_package/share/pallet_ground_package/hook/ament_prefix_path.sh'
[3.446s] INFO:colcon.colcon_core.shell:Skip shell extension 'powershell' for command environment: Not usable outside of PowerShell
[3.446s] DEBUG:colcon.colcon_core.shell:Skip shell extension 'dsv' for command environment
[4.530s] INFO:colcon.colcon_core.task.python.build:Building Python package in '/home/alaa/Desktop/pallet-detection-ground-segmentation-ros2/src/pallet_ground_package'
[4.577s] INFO:colcon.colcon_core.shell:Skip shell extension 'powershell' for command environment: Not usable outside of PowerShell
[4.577s] DEBUG:colcon.colcon_core.shell:Skip shell extension 'dsv' for command environment
[5.900s] DEBUG:colcon.colcon_core.event_handler.log_command:Invoking command in '/home/alaa/Desktop/pallet-detection-ground-segmentation-ros2/src/pallet_ground_package': PS1=(venv) \[\e]0;\u@\h: \w\a\]${debian_chroot:+($debian_chroot)}\[\033[01;32m\]\u@\h\[\033[00m\]:\[\033[01;34m\]\w\[\033[00m\]\$ PYTHONPATH=/home/alaa/Desktop/pallet-detection-ground-segmentation-ros2/src/build/pallet_ground_package/prefix_override:/home/alaa/Desktop/pallet-detection-ground-segmentation-ros2/src/install/pallet_ground_package/lib/python3.10/site-packages:${PYTHONPATH} VIRTUAL_ENV_PROMPT=(venv) /usr/bin/python3 setup.py egg_info --egg-base ../build/pallet_ground_package build --build-base /home/alaa/Desktop/pallet-detection-ground-segmentation-ros2/src/build/pallet_ground_package/build install --record /home/alaa/Desktop/pallet-detection-ground-segmentation-ros2/src/build/pallet_ground_package/install.log --single-version-externally-managed
[6.744s] DEBUG:colcon.colcon_core.event_handler.log_command:Invoked command in '/home/alaa/Desktop/pallet-detection-ground-segmentation-ros2/src/pallet_ground_package' returned '0': PS1=(venv) \[\e]0;\u@\h: \w\a\]${debian_chroot:+($debian_chroot)}\[\033[01;32m\]\u@\h\[\033[00m\]:\[\033[01;34m\]\w\[\033[00m\]\$ PYTHONPATH=/home/alaa/Desktop/pallet-detection-ground-segmentation-ros2/src/build/pallet_ground_package/prefix_override:/home/alaa/Desktop/pallet-detection-ground-segmentation-ros2/src/install/pallet_ground_package/lib/python3.10/site-packages:${PYTHONPATH} VIRTUAL_ENV_PROMPT=(venv) /usr/bin/python3 setup.py egg_info --egg-base ../build/pallet_ground_package build --build-base /home/alaa/Desktop/pallet-detection-ground-segmentation-ros2/src/build/pallet_ground_package/build install --record /home/alaa/Desktop/pallet-detection-ground-segmentation-ros2/src/build/pallet_ground_package/install.log --single-version-externally-managed
[6.805s] Level 1:colcon.colcon_core.environment:checking '/home/alaa/Desktop/pallet-detection-ground-segmentation-ros2/src/install/pallet_ground_package' for CMake module files
[6.806s] Level 1:colcon.colcon_core.environment:checking '/home/alaa/Desktop/pallet-detection-ground-segmentation-ros2/src/install/pallet_ground_package' for CMake config files
[6.806s] Level 1:colcon.colcon_core.environment:checking '/home/alaa/Desktop/pallet-detection-ground-segmentation-ros2/src/install/pallet_ground_package/lib'
[6.807s] Level 1:colcon.colcon_core.environment:checking '/home/alaa/Desktop/pallet-detection-ground-segmentation-ros2/src/install/pallet_ground_package/bin'
[6.807s] Level 1:colcon.colcon_core.environment:checking '/home/alaa/Desktop/pallet-detection-ground-segmentation-ros2/src/install/pallet_ground_package/lib/pkgconfig/pallet_ground_package.pc'
[6.807s] Level 1:colcon.colcon_core.environment:checking '/home/alaa/Desktop/pallet-detection-ground-segmentation-ros2/src/install/pallet_ground_package/lib/python3.10/site-packages'
[6.807s] Level 1:colcon.colcon_core.shell:create_environment_hook('pallet_ground_package', 'pythonpath')
[6.848s] INFO:colcon.colcon_core.shell:Creating environment hook '/home/alaa/Desktop/pallet-detection-ground-segmentation-ros2/src/install/pallet_ground_package/share/pallet_ground_package/hook/pythonpath.ps1'
[6.849s] INFO:colcon.colcon_core.shell:Creating environment descriptor '/home/alaa/Desktop/pallet-detection-ground-segmentation-ros2/src/install/pallet_ground_package/share/pallet_ground_package/hook/pythonpath.dsv'
[6.849s] INFO:colcon.colcon_core.shell:Creating environment hook '/home/alaa/Desktop/pallet-detection-ground-segmentation-ros2/src/install/pallet_ground_package/share/pallet_ground_package/hook/pythonpath.sh'
[6.850s] Level 1:colcon.colcon_core.environment:checking '/home/alaa/Desktop/pallet-detection-ground-segmentation-ros2/src/install/pallet_ground_package/bin'
[6.850s] Level 1:colcon.colcon_core.environment:create_environment_scripts_only(pallet_ground_package)
[6.902s] INFO:colcon.colcon_core.shell:Creating package script '/home/alaa/Desktop/pallet-detection-ground-segmentation-ros2/src/install/pallet_ground_package/share/pallet_ground_package/package.ps1'
[6.903s] INFO:colcon.colcon_core.shell:Creating package descriptor '/home/alaa/Desktop/pallet-detection-ground-segmentation-ros2/src/install/pallet_ground_package/share/pallet_ground_package/package.dsv'
[6.904s] INFO:colcon.colcon_core.shell:Creating package script '/home/alaa/Desktop/pallet-detection-ground-segmentation-ros2/src/install/pallet_ground_package/share/pallet_ground_package/package.sh'
[6.904s] INFO:colcon.colcon_core.shell:Creating package script '/home/alaa/Desktop/pallet-detection-ground-segmentation-ros2/src/install/pallet_ground_package/share/pallet_ground_package/package.bash'
[6.905s] INFO:colcon.colcon_core.shell:Creating package script '/home/alaa/Desktop/pallet-detection-ground-segmentation-ros2/src/install/pallet_ground_package/share/pallet_ground_package/package.zsh'
[6.906s] Level 1:colcon.colcon_core.environment:create_file_with_runtime_dependencies(/home/alaa/Desktop/pallet-detection-ground-segmentation-ros2/src/install/pallet_ground_package/share/colcon-core/packages/pallet_ground_package)
[6.906s] DEBUG:colcon.colcon_parallel_executor.executor.parallel:closing loop
[6.906s] DEBUG:colcon.colcon_parallel_executor.executor.parallel:loop closed
[6.906s] DEBUG:colcon.colcon_parallel_executor.executor.parallel:run_until_complete finished with '0'
[6.907s] DEBUG:colcon.colcon_core.event_reactor:joining thread
[6.990s] INFO:colcon.colcon_core.plugin_system:Skipping extension 'colcon_notification.desktop_notification.terminal_notifier': Not used on non-Darwin systems
[6.990s] INFO:colcon.colcon_core.plugin_system:Skipping extension 'colcon_notification.desktop_notification.win32': Not used on non-Windows systems
[6.990s] INFO:colcon.colcon_notification.desktop_notification:Sending desktop notification using 'notify2'
[7.000s] DEBUG:colcon.colcon_core.event_reactor:joined thread
[7.043s] INFO:colcon.colcon_core.shell:Creating prefix script '/home/alaa/Desktop/pallet-detection-ground-segmentation-ros2/src/install/local_setup.ps1'
[7.044s] INFO:colcon.colcon_core.shell:Creating prefix util module '/home/alaa/Desktop/pallet-detection-ground-segmentation-ros2/src/install/_local_setup_util_ps1.py'
[7.045s] INFO:colcon.colcon_core.shell:Creating prefix chain script '/home/alaa/Desktop/pallet-detection-ground-segmentation-ros2/src/install/setup.ps1'
[7.102s] INFO:colcon.colcon_core.shell:Creating prefix script '/home/alaa/Desktop/pallet-detection-ground-segmentation-ros2/src/install/local_setup.sh'
[7.102s] INFO:colcon.colcon_core.shell:Creating prefix util module '/home/alaa/Desktop/pallet-detection-ground-segmentation-ros2/src/install/_local_setup_util_sh.py'
[7.103s] INFO:colcon.colcon_core.shell:Creating prefix chain script '/home/alaa/Desktop/pallet-detection-ground-segmentation-ros2/src/install/setup.sh'
[7.158s] INFO:colcon.colcon_core.shell:Creating prefix script '/home/alaa/Desktop/pallet-detection-ground-segmentation-ros2/src/install/local_setup.bash'
[7.159s] INFO:colcon.colcon_core.shell:Creating prefix chain script '/home/alaa/Desktop/pallet-detection-ground-segmentation-ros2/src/install/setup.bash'
[7.217s] INFO:colcon.colcon_core.shell:Creating prefix script '/home/alaa/Desktop/pallet-detection-ground-segmentation-ros2/src/install/local_setup.zsh'
[7.218s] INFO:colcon.colcon_core.shell:Creating prefix chain script '/home/alaa/Desktop/pallet-detection-ground-segmentation-ros2/src/install/setup.zsh'
